/nuxeo.war/img/folder_green_100.png
/nuxeo.war/img/workspace_100.png
/nuxeo.war/img/cancel_red.png
/nuxeo.war/img/bullet_red.png
/nuxeo.war/img/folder_red_100.png
/nuxeo.war/img/folder_pink_100.png
/nuxeo.war/img/bullet_blue.png
/nuxeo.war/img/folder_100.png
/nuxeo.war/img/folder_mantis.png
/nuxeo.war/img/folder_orange_100.png
/nuxeo.war/img/bullet_yellow.png
/nuxeo.war/img/folder_violet_100.png
/nuxeo.war/img/folder_pink.png
/nuxeo.war/img/folder_blue2.png
/nuxeo.war/img/cancel_gray.png
/nuxeo.war/img/folder_violet.png
/nuxeo.war/img/folder_green.png
/nuxeo.war/img/bullet_gray.png
/nuxeo.war/img/folder_yellow.png
/nuxeo.war/img/file.gif
/nuxeo.war/img/folder_yellow_100.png
/nuxeo.war/img/folder_brown.png
/nuxeo.war/img/file.png
/nuxeo.war/img/folder_blue.png
/nuxeo.war/img/file_100.png
/nuxeo.war/img/approved_gray.png
/nuxeo.war/img/folder_blue_100.png
/nuxeo.war/img/bullet_orange.png
/nuxeo.war/img/folder.gif
/nuxeo.war/img/workspace.gif
/nuxeo.war/img/folder_red.png
/nuxeo.war/img/bullet_dblue.png
/nuxeo.war/img/bullet_violet.png
/nuxeo.war/img/folder_mantis_100.png
/nuxeo.war/img/folder_brown_100.png
/nuxeo.war/img/approved_green.png
/nuxeo.war/img/hello.png
/nuxeo.war/img/folder_blue2_100.png
/nuxeo.war/img/folder_orange.png
/nuxeo.war/img/bullet_green.png
/nuxeo.war/widgets/studio_list_widget_template.xhtml
/nuxeo.war/widgets/studio_header_widget.xhtml
/nuxeo.war/layouts/NuxeoDMDefaultConfiguration_nux_layout_template.xhtml
/nuxeo.war/layouts/studio_tab_layout_template.xhtml
/nuxeo.war/layouts/studio_layout_summary_template.xhtml
